<?xml version="1.0" encoding="UTF-8"?>
<!-- Generated by org.testng.reporters.JUnitXMLReporter -->
<testsuite ignored="0" hostname="DESKTOP-TJUD1B8" failures="0"
	tests="8" name="my tests" time="16.515" errors="0"
	timestamp="2025-01-24T14:57:48 IST">
	<testcase classname="combined.OrangeHRMTest" name="openPage"
		time="9.061" />
	<testcase classname="combined.OrangeHRMTest" name="testLogo"
		time="3.081" />
	<testcase classname="combined.OrangeHRMTest" name="testLogin"
		time="1.506" />
	<testcase classname="combined.OrangeHRMTest" name="testLogout"
		time="2.463" />
	<testcase classname="combined.OrangeHRMTest" name="closePage"
		time="0.239" />
	<testcase classname="combined.FirstTestCase" name="openApp"
		time="0.003" />
	<testcase classname="combined.FirstTestCase" name="login"
		time="0.006" />
	<testcase classname="combined.FirstTestCase" name="logout"
		time="0.002" />
</testsuite> <!-- my tests -->
