<?xml version="1.0" encoding="UTF-8"?>
<!-- Generated by org.testng.reporters.JUnitXMLReporter -->
<testsuite ignored="0" hostname="DESKTOP-TJUD1B8" failures="0" tests="10" name="Default test" time="0.149" errors="0" timestamp="2025-02-13T22:38:14 IST">
  <testcase classname="testngnaveen.InvocationCountTest" name="sum" time="0.016"/>
  <testcase classname="testngnaveen.InvocationCountTest" name="sum" time="0.008"/>
  <testcase classname="testngnaveen.InvocationCountTest" name="sum" time="0.004"/>
  <testcase classname="testngnaveen.InvocationCountTest" name="sum" time="0.003"/>
  <testcase classname="testngnaveen.InvocationCountTest" name="sum" time="0.002"/>
  <testcase classname="testngnaveen.InvocationCountTest" name="sum" time="0.002"/>
  <testcase classname="testngnaveen.InvocationCountTest" name="sum" time="0.003"/>
  <testcase classname="testngnaveen.InvocationCountTest" name="sum" time="0.001"/>
  <testcase classname="testngnaveen.InvocationCountTest" name="sum" time="0.002"/>
  <testcase classname="testngnaveen.InvocationCountTest" name="sum" time="0.003"/>
</testsuite> <!-- Default test -->
