<?xml version="1.0" encoding="UTF-8"?>
<!-- Generated by org.testng.reporters.JUnitXMLReporter -->
<testsuite ignored="0" hostname="DESKTOP-TJUD1B8" failures="0"
	tests="8" name="Test" time="18.59" errors="0"
	timestamp="2025-01-26T11:57:25 IST">
	<testcase classname="combined.FirstTestCase" name="openApp"
		time="0.032" />
	<testcase classname="combined.FirstTestCase" name="login"
		time="0.02" />
	<testcase classname="combined.FirstTestCase" name="logout"
		time="0.007" />
	<testcase classname="combined.OrangeHRMTest" name="openPage"
		time="11.16" />
	<testcase classname="combined.OrangeHRMTest" name="testLogo"
		time="3.167" />
	<testcase classname="combined.OrangeHRMTest" name="testLogin"
		time="0.333" />
	<testcase classname="combined.OrangeHRMTest" name="testLogout"
		time="3.471" />
	<testcase classname="combined.OrangeHRMTest" name="closePage"
		time="0.193" />
</testsuite> <!-- Test -->
