<?xml version="1.0" encoding="UTF-8"?>
<testng-results ignored="0" total="10" passed="10" failed="0" skipped="0">
  <reporter-output>
  </reporter-output>
  <suite started-at="2025-02-13T22:38:14 IST" name="Default suite" finished-at="2025-02-13T22:38:14 IST" duration-ms="149">
    <groups>
    </groups>
    <test started-at="2025-02-13T22:38:14 IST" name="Default test" finished-at="2025-02-13T22:38:14 IST" duration-ms="149">
      <class name="testngnaveen.InvocationCountTest">
        <test-method signature="sum()[pri:0, instance:testngnaveen.InvocationCountTest@26df6e3a]" started-at="2025-02-13T22:38:14 IST" name="sum" finished-at="2025-02-13T22:38:14 IST" duration-ms="16" status="PASS">
          <reporter-output>
          </reporter-output>
        </test-method> <!-- sum -->
        <test-method signature="sum()[pri:0, instance:testngnaveen.InvocationCountTest@26df6e3a]" started-at="2025-02-13T22:38:14 IST" name="sum" finished-at="2025-02-13T22:38:14 IST" duration-ms="8" status="PASS">
          <reporter-output>
          </reporter-output>
        </test-method> <!-- sum -->
        <test-method signature="sum()[pri:0, instance:testngnaveen.InvocationCountTest@26df6e3a]" started-at="2025-02-13T22:38:14 IST" name="sum" finished-at="2025-02-13T22:38:14 IST" duration-ms="4" status="PASS">
          <reporter-output>
          </reporter-output>
        </test-method> <!-- sum -->
        <test-method signature="sum()[pri:0, instance:testngnaveen.InvocationCountTest@26df6e3a]" started-at="2025-02-13T22:38:14 IST" name="sum" finished-at="2025-02-13T22:38:14 IST" duration-ms="3" status="PASS">
          <reporter-output>
          </reporter-output>
        </test-method> <!-- sum -->
        <test-method signature="sum()[pri:0, instance:testngnaveen.InvocationCountTest@26df6e3a]" started-at="2025-02-13T22:38:14 IST" name="sum" finished-at="2025-02-13T22:38:14 IST" duration-ms="2" status="PASS">
          <reporter-output>
          </reporter-output>
        </test-method> <!-- sum -->
        <test-method signature="sum()[pri:0, instance:testngnaveen.InvocationCountTest@26df6e3a]" started-at="2025-02-13T22:38:14 IST" name="sum" finished-at="2025-02-13T22:38:14 IST" duration-ms="2" status="PASS">
          <reporter-output>
          </reporter-output>
        </test-method> <!-- sum -->
        <test-method signature="sum()[pri:0, instance:testngnaveen.InvocationCountTest@26df6e3a]" started-at="2025-02-13T22:38:14 IST" name="sum" finished-at="2025-02-13T22:38:14 IST" duration-ms="3" status="PASS">
          <reporter-output>
          </reporter-output>
        </test-method> <!-- sum -->
        <test-method signature="sum()[pri:0, instance:testngnaveen.InvocationCountTest@26df6e3a]" started-at="2025-02-13T22:38:14 IST" name="sum" finished-at="2025-02-13T22:38:14 IST" duration-ms="1" status="PASS">
          <reporter-output>
          </reporter-output>
        </test-method> <!-- sum -->
        <test-method signature="sum()[pri:0, instance:testngnaveen.InvocationCountTest@26df6e3a]" started-at="2025-02-13T22:38:14 IST" name="sum" finished-at="2025-02-13T22:38:14 IST" duration-ms="2" status="PASS">
          <reporter-output>
          </reporter-output>
        </test-method> <!-- sum -->
        <test-method signature="sum()[pri:0, instance:testngnaveen.InvocationCountTest@26df6e3a]" started-at="2025-02-13T22:38:14 IST" name="sum" finished-at="2025-02-13T22:38:14 IST" duration-ms="3" status="PASS">
          <reporter-output>
          </reporter-output>
        </test-method> <!-- sum -->
      </class> <!-- testngnaveen.InvocationCountTest -->
    </test> <!-- Default test -->
  </suite> <!-- Default suite -->
</testng-results>
