<?xml version="1.0" encoding="UTF-8"?>
<!-- Generated by org.testng.reporters.JUnitXMLReporter -->
<testsuite ignored="0" hostname="DESKTOP-TJUD1B8" failures="0" tests="26" name="Different testNG Feature Test" time="28.057" errors="0" timestamp="2025-01-28T23:36:38 IST">
  <testcase classname="testngnaveen.GoogleTitleTest" name="googleTitleTest" time="0.049"/>
  <testcase classname="testngnaveen.GoogleTitleTest" name="googleLogoTest" time="1.343"/>
  <testcase classname="testngnaveen.InvocationCountTest" name="sum" time="0.002"/>
  <testcase classname="testngnaveen.InvocationCountTest" name="sum" time="0.001"/>
  <testcase classname="testngnaveen.InvocationCountTest" name="sum" time="0.001"/>
  <testcase classname="testngnaveen.InvocationCountTest" name="sum" time="0.002"/>
  <testcase classname="testngnaveen.InvocationCountTest" name="sum" time="0.001"/>
  <testcase classname="testngnaveen.InvocationCountTest" name="sum" time="0.002"/>
  <testcase classname="testngnaveen.InvocationCountTest" name="sum" time="0.003"/>
  <testcase classname="testngnaveen.InvocationCountTest" name="sum" time="0.005"/>
  <testcase classname="testngnaveen.InvocationCountTest" name="sum" time="0.003"/>
  <testcase classname="testngnaveen.InvocationCountTest" name="sum" time="0.01"/>
  <testcase classname="testngnaveen.ExceptionTimeOutTest" name="test1" time="0.003"/>
  <testcase classname="testngnaveen.GoogleTest" name="googleTitleTest" time="0.015"/>
  <testcase classname="testngnaveen.GoogleTest" name="googleLogoTest" time="0.047"/>
  <testcase classname="testngnaveen.GoogleTest" name="googleGmailTest" time="0.057"/>
  <testcase classname="testngnaveen.GoogleTest" name="test1" time="0.001"/>
  <testcase classname="testngnaveen.GoogleTest" name="test2" time="0.001"/>
  <testcase classname="testngnaveen.GoogleTest" name="test3" time="0.002"/>
  <testcase classname="testngnaveen.TestNgFeatures" name="loginTest" time="0.003"/>
  <testcase classname="testngnaveen.TestNgFeatures" name="homePageTest" time="0.002"/>
  <testcase classname="testngnaveen.TestNgFeatures" name="reagPageTest" time="0.006"/>
  <testcase classname="testngnaveen.TestNgFeatures" name="searchPageTest" time="0.002"/>
  <testcase classname="testngnaveen.TestNGbasics" name="googleTitleTest" time="0.005"/>
  <testcase classname="testngnaveen.TestNGbasics" name="searchTest" time="0.006"/>
  <testcase classname="testngnaveen.TestNGbasics" name="googleLogoTest" time="0.002"/>
</testsuite> <!-- Different testNG Feature Test -->
